<?xml version="1.0" encoding="UTF-8"?>
<!-- Generated by org.testng.reporters.JUnitReportReporter -->
<testsuite hostname="LP-5CD8184DJ1" failures="0" tests="1" name="com.CA.Corporate.Testcases.OurPartnersTest" time="11.325" errors="0" timestamp="2022-09-14T12:09:15 IST" skipped="0">
  <testcase classname="com.CA.Corporate.Testcases.OurPartnersTest" name="Verifyourpartners" time="11.325"/>
  <system-out>
    <![CDATA[Click to see Screenshot
<a target="_blank" href=Wed_Sep_14_12_09_02_IST_2022.png>Screenshot</a>
<br>
<br>
<a target="_blank" href=Wed_Sep_14_12_09_02_IST_2022.png><img src=Wed_Sep_14_12_09_02_IST_2022.png height=200 width=200></img></a>]]>
  </system-out>
</testsuite> <!-- com.CA.Corporate.Testcases.OurPartnersTest -->
