<?xml version="1.0" encoding="UTF-8"?>
<!-- Generated by org.testng.reporters.JUnitReportReporter -->
<testsuite hostname="LP-5CD8184DJ1" failures="0" tests="1" name="brisbane_Heat_main_club.Heat_contact" time="8.319" errors="0" timestamp="2022-06-24T15:00:23 IST" skipped="0">
  <testcase classname="brisbane_Heat_main_club.Heat_contact" name="Verifycontact" time="8.319"/>
  <system-out>
    <![CDATA[Click to see Screenshot
<a target="_blank" href=Fri_Jun_24_14_58_24_IST_2022.png>Screenshot</a>
<br>
<br>
<a target="_blank" href=Fri_Jun_24_14_58_24_IST_2022.png><img src=Fri_Jun_24_14_58_24_IST_2022.png height=200 width=200></img></a>]]>
  </system-out>
</testsuite> <!-- brisbane_Heat_main_club.Heat_contact -->
