<?xml version="1.0" encoding="UTF-8"?>
<!-- Generated by org.testng.reporters.JUnitReportReporter -->
<testsuite hostname="LP-5CD8184DJ1" failures="0" tests="5" name="com.ca.TeamPageTestcases.TeamsPageTest" time="123.667" errors="0" timestamp="2022-05-02T14:01:03 IST" skipped="0">
  <testcase classname="com.ca.TeamPageTestcases.TeamsPageTest" name="VerifyTeamsPageTest" time="16.293"/>
  <system-out>
    <![CDATA[Click to see Screenshot
<a target="_blank" href=Mon_May_02_13_29_29_IST_2022.png>Screenshot</a>
<br>
<br>
<a target="_blank" href=Mon_May_02_13_29_29_IST_2022.png><img src=Mon_May_02_13_29_29_IST_2022.png height=200 width=200></img></a>]]>
  </system-out>
  <testcase classname="com.ca.TeamPageTestcases.TeamsPageTest" name="Verifysubhobarthurricanes_menPageTest" time="31.119"/>
  <system-out>
    <![CDATA[Click to see Screenshot
<a target="_blank" href=Mon_May_02_13_30_01_IST_2022.png>Screenshot</a>
<br>
<br>
<a target="_blank" href=Mon_May_02_13_30_01_IST_2022.png><img src=Mon_May_02_13_30_01_IST_2022.png height=200 width=200></img></a>]]>
  </system-out>
  <testcase classname="com.ca.TeamPageTestcases.TeamsPageTest" name="Verifysubhobarthurricanes_womenPageTest" time="27.199"/>
  <system-out>
    <![CDATA[Click to see Screenshot
<a target="_blank" href=Mon_May_02_13_30_28_IST_2022.png>Screenshot</a>
<br>
<br>
<a target="_blank" href=Mon_May_02_13_30_28_IST_2022.png><img src=Mon_May_02_13_30_28_IST_2022.png height=200 width=200></img></a>]]>
  </system-out>
  <testcase classname="com.ca.TeamPageTestcases.TeamsPageTest" name="VerifysubtasmaniantigersmenPageTest" time="25.198"/>
  <system-out>
    <![CDATA[Click to see Screenshot
<a target="_blank" href=Mon_May_02_13_30_54_IST_2022.png>Screenshot</a>
<br>
<br>
<a target="_blank" href=Mon_May_02_13_30_54_IST_2022.png><img src=Mon_May_02_13_30_54_IST_2022.png height=200 width=200></img></a>]]>
  </system-out>
  <testcase classname="com.ca.TeamPageTestcases.TeamsPageTest" name="VerifysubtasmaniantigerswomenPageTest" time="23.858"/>
  <system-out>
    <![CDATA[Click to see Screenshot
<a target="_blank" href=Mon_May_02_13_31_18_IST_2022.png>Screenshot</a>
<br>
<br>
<a target="_blank" href=Mon_May_02_13_31_18_IST_2022.png><img src=Mon_May_02_13_31_18_IST_2022.png height=200 width=200></img></a>]]>
  </system-out>
</testsuite> <!-- com.ca.TeamPageTestcases.TeamsPageTest -->
