<?xml version="1.0" encoding="UTF-8"?>
<!-- Generated by org.testng.reporters.JUnitReportReporter -->
<testsuite hostname="LP-5CD8184DJ1" failures="0" tests="2" name="com.ca.VenuePageTestcases.VenuPageTest" time="53.956" errors="0" timestamp="2022-05-02T14:01:03 IST" skipped="0">
  <testcase classname="com.ca.VenuePageTestcases.VenuPageTest" name="VerifyVenueHomepageTest" time="27.377"/>
  <system-out>
    <![CDATA[Click to see Screenshot
<a target="_blank" href=Mon_May_02_13_58_59_IST_2022.png>Screenshot</a>
<br>
<br>
<a target="_blank" href=Mon_May_02_13_58_59_IST_2022.png><img src=Mon_May_02_13_58_59_IST_2022.png height=200 width=200></img></a>]]>
  </system-out>
  <testcase classname="com.ca.VenuePageTestcases.VenuPageTest" name="VerifyVenuemuseumpageTest" time="26.579"/>
  <system-out>
    <![CDATA[Click to see Screenshot
<a target="_blank" href=Mon_May_02_13_59_26_IST_2022.png>Screenshot</a>
<br>
<br>
<a target="_blank" href=Mon_May_02_13_59_26_IST_2022.png><img src=Mon_May_02_13_59_26_IST_2022.png height=200 width=200></img></a>]]>
  </system-out>
</testsuite> <!-- com.ca.VenuePageTestcases.VenuPageTest -->
