<?xml version="1.0" encoding="UTF-8"?>
<!-- Generated by org.testng.reporters.JUnitReportReporter -->
<testsuite hostname="LP-5CD8184DJ1" failures="0" tests="4" name="com.ca.CommunityCricketPageTestcases.ChildSafePolicyPageTest" time="93.703" errors="0" timestamp="2022-05-02T14:01:03 IST" skipped="0">
  <testcase classname="com.ca.CommunityCricketPageTestcases.ChildSafePolicyPageTest" name="VerifyChildSafePolicyPageTest" time="11.660"/>
  <system-out>
    <![CDATA[Click to see Screenshot
<a target="_blank" href=Mon_May_02_13_44_19_IST_2022.png>Screenshot</a>
<br>
<br>
<a target="_blank" href=Mon_May_02_13_44_19_IST_2022.png><img src=Mon_May_02_13_44_19_IST_2022.png height=200 width=200></img></a>]]>
  </system-out>
  <testcase classname="com.ca.CommunityCricketPageTestcases.ChildSafePolicyPageTest" name="VerifyChildSafePolicylinkPageTest" time="33.164"/>
  <system-out>
    <![CDATA[Click to see Screenshot
<a target="_blank" href=Mon_May_02_13_44_53_IST_2022.png>Screenshot</a>
<br>
<br>
<a target="_blank" href=Mon_May_02_13_44_53_IST_2022.png><img src=Mon_May_02_13_44_53_IST_2022.png height=200 width=200></img></a>]]>
  </system-out>
  <testcase classname="com.ca.CommunityCricketPageTestcases.ChildSafePolicyPageTest" name="VerifyChildSafePolicyStatement1PageTest" time="24.198"/>
  <system-out>
    <![CDATA[Click to see Screenshot
<a target="_blank" href=Mon_May_02_13_45_18_IST_2022.png>Screenshot</a>
<br>
<br>
<a target="_blank" href=Mon_May_02_13_45_18_IST_2022.png><img src=Mon_May_02_13_45_18_IST_2022.png height=200 width=200></img></a>]]>
  </system-out>
  <testcase classname="com.ca.CommunityCricketPageTestcases.ChildSafePolicyPageTest" name="VerifyChildSafePolicyStatement2PageTest" time="24.681"/>
  <system-out>
    <![CDATA[Click to see Screenshot
<a target="_blank" href=Mon_May_02_13_45_44_IST_2022.png>Screenshot</a>
<br>
<br>
<a target="_blank" href=Mon_May_02_13_45_44_IST_2022.png><img src=Mon_May_02_13_45_44_IST_2022.png height=200 width=200></img></a>]]>
  </system-out>
</testsuite> <!-- com.ca.CommunityCricketPageTestcases.ChildSafePolicyPageTest -->
