<?xml version="1.0" encoding="UTF-8"?>
<!-- Generated by org.testng.reporters.JUnitReportReporter -->
<testsuite hostname="LP-5CD8184DJ1" failures="0" tests="1" name="com.ca.AboutPageTestcases.ContactsUsPageTest" time="12.879" errors="0" timestamp="2022-05-02T14:01:03 IST" skipped="0">
  <testcase classname="com.ca.AboutPageTestcases.ContactsUsPageTest" name="VerifyContactsUsPageTest" time="12.879"/>
  <system-out>
    <![CDATA[Click to see Screenshot
<a target="_blank" href=Mon_May_02_13_55_16_IST_2022.png>Screenshot</a>
<br>
<br>
<a target="_blank" href=Mon_May_02_13_55_16_IST_2022.png><img src=Mon_May_02_13_55_16_IST_2022.png height=200 width=200></img></a>]]>
  </system-out>
</testsuite> <!-- com.ca.AboutPageTestcases.ContactsUsPageTest -->
