<?xml version="1.0" encoding="UTF-8"?>
<!-- Generated by org.testng.reporters.JUnitReportReporter -->
<testsuite hostname="LP-C02GK27QMD6M" failures="0" tests="1" name="com.CA.Team.Testcases.CareersTest" time="0.000" errors="0" timestamp="2023-03-13T14:01:13 IST" skipped="1">
  <testcase classname="com.CA.Team.Testcases.CareersTest" name="VerifyCareer" time="0.000">
    <skipped/>
  </testcase> <!-- VerifyCareer -->
  <system-out/>
</testsuite> <!-- com.CA.Team.Testcases.CareersTest -->
