<?xml version="1.0" encoding="UTF-8"?>
<!-- Generated by org.testng.reporters.JUnitReportReporter -->
<testsuite hostname="LP-5CD8184DJ1" failures="0" tests="1" name="com.ca.CommunityCricketPageTestcases.ContactsPageTest" time="18.048" errors="0" timestamp="2022-05-02T14:01:04 IST" skipped="0">
  <testcase classname="com.ca.CommunityCricketPageTestcases.ContactsPageTest" name="VerifyContactsPageTest" time="18.048"/>
  <system-out>
    <![CDATA[Click to see Screenshot
<a target="_blank" href=Mon_May_02_13_52_10_IST_2022.png>Screenshot</a>
<br>
<br>
<a target="_blank" href=Mon_May_02_13_52_10_IST_2022.png><img src=Mon_May_02_13_52_10_IST_2022.png height=200 width=200></img></a>]]>
  </system-out>
</testsuite> <!-- com.ca.CommunityCricketPageTestcases.ContactsPageTest -->
