<?xml version="1.0" encoding="UTF-8"?>
<!-- Generated by org.testng.reporters.JUnitReportReporter -->
<testsuite hostname="LP-5CD8184DJ1" failures="0" tests="4" name="com.ca.PlayerPageTestcases.PlayersPathwayPageTest" time="72.276" errors="0" timestamp="2022-05-02T14:01:03 IST" skipped="0">
  <testcase classname="com.ca.PlayerPageTestcases.PlayersPathwayPageTest" name="VerifyPlayersPageTest" time="12.346"/>
  <system-out>
    <![CDATA[Click to see Screenshot
<a target="_blank" href=Mon_May_02_13_52_24_IST_2022.png>Screenshot</a>
<br>
<br>
<a target="_blank" href=Mon_May_02_13_52_24_IST_2022.png><img src=Mon_May_02_13_52_24_IST_2022.png height=200 width=200></img></a>]]>
  </system-out>
  <testcase classname="com.ca.PlayerPageTestcases.PlayersPathwayPageTest" name="VerifySubMalepathway" time="19.041"/>
  <system-out>
    <![CDATA[Click to see Screenshot
<a target="_blank" href=Mon_May_02_13_52_43_IST_2022.png>Screenshot</a>
<br>
<br>
<a target="_blank" href=Mon_May_02_13_52_43_IST_2022.png><img src=Mon_May_02_13_52_43_IST_2022.png height=200 width=200></img></a>]]>
  </system-out>
  <testcase classname="com.ca.PlayerPageTestcases.PlayersPathwayPageTest" name="VerifySubFemalepathway" time="19.242"/>
  <system-out>
    <![CDATA[Click to see Screenshot
<a target="_blank" href=Mon_May_02_13_53_03_IST_2022.png>Screenshot</a>
<br>
<br>
<a target="_blank" href=Mon_May_02_13_53_03_IST_2022.png><img src=Mon_May_02_13_53_03_IST_2022.png height=200 width=200></img></a>]]>
  </system-out>
  <testcase classname="com.ca.PlayerPageTestcases.PlayersPathwayPageTest" name="VerifySubPathwaysWebsite" time="21.647"/>
  <system-out>
    <![CDATA[Click to see Screenshot
<a target="_blank" href=Mon_May_02_13_53_25_IST_2022.png>Screenshot</a>
<br>
<br>
<a target="_blank" href=Mon_May_02_13_53_25_IST_2022.png><img src=Mon_May_02_13_53_25_IST_2022.png height=200 width=200></img></a>]]>
  </system-out>
</testsuite> <!-- com.ca.PlayerPageTestcases.PlayersPathwayPageTest -->
