<?xml version="1.0" encoding="UTF-8"?>
<!-- Generated by org.testng.reporters.JUnitReportReporter -->
<testsuite hostname="LP-5CD8184DJ1" failures="0" tests="1" name="brisbane_Heat_main_play.Heat_holiday_program" time="5.569" errors="0" timestamp="2022-06-24T15:00:22 IST" skipped="0">
  <testcase classname="brisbane_Heat_main_play.Heat_holiday_program" name="Verifyholiday" time="5.569"/>
  <system-out>
    <![CDATA[Click to see Screenshot
<a target="_blank" href=Fri_Jun_24_15_00_17_IST_2022.png>Screenshot</a>
<br>
<br>
<a target="_blank" href=Fri_Jun_24_15_00_17_IST_2022.png><img src=Fri_Jun_24_15_00_17_IST_2022.png height=200 width=200></img></a>]]>
  </system-out>
</testsuite> <!-- brisbane_Heat_main_play.Heat_holiday_program -->
