<?xml version="1.0" encoding="UTF-8"?>
<!-- Generated by org.testng.reporters.JUnitReportReporter -->
<testsuite hostname="LP-5CD8184DJ1" failures="0" tests="2" name="brisbane_Heat_main_Ticketing.Heat_premiumticket" time="15.516" errors="0" timestamp="2022-06-24T15:00:22 IST" skipped="0">
  <testcase classname="brisbane_Heat_main_Ticketing.Heat_premiumticket" name="Verifypremiumtickets1" time="12.246"/>
  <system-out>
    <![CDATA[Click to see Screenshot
<a target="_blank" href=Fri_Jun_24_14_59_52_IST_2022.png>Screenshot</a>
<br>
<br>
<a target="_blank" href=Fri_Jun_24_14_59_52_IST_2022.png><img src=Fri_Jun_24_14_59_52_IST_2022.png height=200 width=200></img></a>]]>
  </system-out>
  <testcase classname="brisbane_Heat_main_Ticketing.Heat_premiumticket" name="Verifypremiumtickets2" time="3.270"/>
  <system-out>
    <![CDATA[Click to see Screenshot
<a target="_blank" href=Fri_Jun_24_14_59_56_IST_2022.png>Screenshot</a>
<br>
<br>
<a target="_blank" href=Fri_Jun_24_14_59_56_IST_2022.png><img src=Fri_Jun_24_14_59_56_IST_2022.png height=200 width=200></img></a>]]>
  </system-out>
</testsuite> <!-- brisbane_Heat_main_Ticketing.Heat_premiumticket -->
