<?xml version="1.0" encoding="UTF-8"?>
<!-- Generated by org.testng.reporters.JUnitReportReporter -->
<testsuite hostname="LP-5CD8184DJ1" failures="0" tests="1" name="com.ca.CommunityPageTestcases.ChampionLeaguePageTest" time="7.951" errors="0" timestamp="2022-06-15T09:41:33 IST" skipped="0">
  <testcase classname="com.ca.CommunityPageTestcases.ChampionLeaguePageTest" name="verifycommunityTest" time="7.951"/>
  <system-out>
    <![CDATA[Click to see Screenshot
<a target="_blank" href=Wed_Jun_15_09_39_10_IST_2022.png>Screenshot</a>
<br>
<br>
<a target="_blank" href=Wed_Jun_15_09_39_10_IST_2022.png><img src=Wed_Jun_15_09_39_10_IST_2022.png height=200 width=200></img></a>]]>
  </system-out>
</testsuite> <!-- com.ca.CommunityPageTestcases.ChampionLeaguePageTest -->
