<?xml version="1.0" encoding="UTF-8"?>
<!-- Generated by org.testng.reporters.JUnitReportReporter -->
<testsuite hostname="LP-5CD8184DJ1" failures="0" tests="1" name="brisbane_Heat_main_Ticketing.Heat_corporatehospitality" time="6.619" errors="0" timestamp="2022-06-24T15:00:23 IST" skipped="0">
  <testcase classname="brisbane_Heat_main_Ticketing.Heat_corporatehospitality" name="Verifycorporate" time="6.619"/>
  <system-out>
    <![CDATA[Click to see Screenshot
<a target="_blank" href=Fri_Jun_24_14_59_30_IST_2022.png>Screenshot</a>
<br>
<br>
<a target="_blank" href=Fri_Jun_24_14_59_30_IST_2022.png><img src=Fri_Jun_24_14_59_30_IST_2022.png height=200 width=200></img></a>]]>
  </system-out>
</testsuite> <!-- brisbane_Heat_main_Ticketing.Heat_corporatehospitality -->
