<?xml version="1.0" encoding="UTF-8"?>
<!-- Generated by org.testng.reporters.JUnitReportReporter -->
<testsuite hostname="LP-5CD8184DJ1" failures="0" tests="8" name="com.ca.CommunityCricketPageTestcases.EducationAndTrainingPageTest" time="210.124" errors="0" timestamp="2022-05-02T14:01:04 IST" skipped="0">
  <testcase classname="com.ca.CommunityCricketPageTestcases.EducationAndTrainingPageTest" name="VerifyEducationAndTraininglinkPageTest" time="17.689"/>
  <system-out>
    <![CDATA[Click to see Screenshot
<a target="_blank" href=Mon_May_02_13_48_22_IST_2022.png>Screenshot</a>
<br>
<br>
<a target="_blank" href=Mon_May_02_13_48_22_IST_2022.png><img src=Mon_May_02_13_48_22_IST_2022.png height=200 width=200></img></a>]]>
  </system-out>
  <testcase classname="com.ca.CommunityCricketPageTestcases.EducationAndTrainingPageTest" name="VerifycoachtraininglinkPageTest" time="25.803"/>
  <system-out>
    <![CDATA[Click to see Screenshot
<a target="_blank" href=Mon_May_02_13_48_49_IST_2022.png>Screenshot</a>
<br>
<br>
<a target="_blank" href=Mon_May_02_13_48_49_IST_2022.png><img src=Mon_May_02_13_48_49_IST_2022.png height=200 width=200></img></a>]]>
  </system-out>
  <testcase classname="com.ca.CommunityCricketPageTestcases.EducationAndTrainingPageTest" name="VerifyumpiringlinkPageTest" time="24.261"/>
  <system-out>
    <![CDATA[Click to see Screenshot
<a target="_blank" href=Mon_May_02_13_49_14_IST_2022.png>Screenshot</a>
<br>
<br>
<a target="_blank" href=Mon_May_02_13_49_14_IST_2022.png><img src=Mon_May_02_13_49_14_IST_2022.png height=200 width=200></img></a>]]>
  </system-out>
  <testcase classname="com.ca.CommunityCricketPageTestcases.EducationAndTrainingPageTest" name="VerifychildSafetylinkPageTest" time="30.068"/>
  <system-out>
    <![CDATA[Click to see Screenshot
<a target="_blank" href=Mon_May_02_13_49_44_IST_2022.png>Screenshot</a>
<br>
<br>
<a target="_blank" href=Mon_May_02_13_49_44_IST_2022.png><img src=Mon_May_02_13_49_44_IST_2022.png height=200 width=200></img></a>]]>
  </system-out>
  <testcase classname="com.ca.CommunityCricketPageTestcases.EducationAndTrainingPageTest" name="VerifyonlinecourseslinkPageTest" time="31.399"/>
  <system-out>
    <![CDATA[Click to see Screenshot
<a target="_blank" href=Mon_May_02_13_50_16_IST_2022.png>Screenshot</a>
<br>
<br>
<a target="_blank" href=Mon_May_02_13_50_16_IST_2022.png><img src=Mon_May_02_13_50_16_IST_2022.png height=200 width=200></img></a>]]>
  </system-out>
  <testcase classname="com.ca.CommunityCricketPageTestcases.EducationAndTrainingPageTest" name="VerifywebniarserieslinkPageTest" time="29.649"/>
  <system-out>
    <![CDATA[Click to see Screenshot
<a target="_blank" href=Mon_May_02_13_50_46_IST_2022.png>Screenshot</a>
<br>
<br>
<a target="_blank" href=Mon_May_02_13_50_46_IST_2022.png><img src=Mon_May_02_13_50_46_IST_2022.png height=200 width=200></img></a>]]>
  </system-out>
  <testcase classname="com.ca.CommunityCricketPageTestcases.EducationAndTrainingPageTest" name="VerifyCAcoachapplinkPageTest" time="29.443"/>
  <system-out>
    <![CDATA[Click to see Screenshot
<a target="_blank" href=Mon_May_02_13_51_16_IST_2022.png>Screenshot</a>
<br>
<br>
<a target="_blank" href=Mon_May_02_13_51_16_IST_2022.png><img src=Mon_May_02_13_51_16_IST_2022.png height=200 width=200></img></a>]]>
  </system-out>
  <testcase classname="com.ca.CommunityCricketPageTestcases.EducationAndTrainingPageTest" name="VerifyCAjuniorcricketapplinkPageTest" time="21.812"/>
  <system-out>
    <![CDATA[Click to see Screenshot
<a target="_blank" href=Mon_May_02_13_51_38_IST_2022.png>Screenshot</a>
<br>
<br>
<a target="_blank" href=Mon_May_02_13_51_38_IST_2022.png><img src=Mon_May_02_13_51_38_IST_2022.png height=200 width=200></img></a>]]>
  </system-out>
</testsuite> <!-- com.ca.CommunityCricketPageTestcases.EducationAndTrainingPageTest -->
