<?xml version="1.0" encoding="UTF-8"?>
<!-- Generated by org.testng.reporters.JUnitReportReporter -->
<testsuite hostname="LP-5CD8184DJ1" failures="0" tests="1" name="com.ca.VenuePageTestcases.CricketTasmanianMuseumPageTest" time="20.707" errors="0" timestamp="2022-05-02T14:01:03 IST" skipped="0">
  <testcase classname="com.ca.VenuePageTestcases.CricketTasmanianMuseumPageTest" name="VerifyCricketTamanianMuseumTest" time="20.707"/>
  <system-out>
    <![CDATA[Click to see Screenshot
<a target="_blank" href=Mon_May_02_14_00_58_IST_2022.png>Screenshot</a>
<br>
<br>
<a target="_blank" href=Mon_May_02_14_00_58_IST_2022.png><img src=Mon_May_02_14_00_58_IST_2022.png height=200 width=200></img></a>]]>
  </system-out>
</testsuite> <!-- com.ca.VenuePageTestcases.CricketTasmanianMuseumPageTest -->
