<?xml version="1.0" encoding="UTF-8"?>
<!-- Generated by org.testng.reporters.JUnitReportReporter -->
<testsuite hostname="LP-5CD8184DJ1" failures="0" tests="1" name="com.CA.Community.Testcases.CLeagueTest" time="8.782" errors="0" timestamp="2022-09-14T12:09:15 IST" skipped="0">
  <testcase classname="com.CA.Community.Testcases.CLeagueTest" name="Verifycleague" time="8.782"/>
  <system-out>
    <![CDATA[Click to see Screenshot
<a target="_blank" href=Wed_Sep_14_12_08_18_IST_2022.png>Screenshot</a>
<br>
<br>
<a target="_blank" href=Wed_Sep_14_12_08_18_IST_2022.png><img src=Wed_Sep_14_12_08_18_IST_2022.png height=200 width=200></img></a>]]>
  </system-out>
</testsuite> <!-- com.CA.Community.Testcases.CLeagueTest -->
