<?xml version="1.0" encoding="UTF-8"?>
<!-- Generated by org.testng.reporters.JUnitReportReporter -->
<testsuite hostname="LP-5CD8184DJ1" failures="0" tests="5" name="com.ca.NewsPageTestcases.NewsPageTest" time="230.755" errors="0" timestamp="2022-06-15T09:41:32 IST" skipped="0">
  <testcase classname="com.ca.NewsPageTestcases.NewsPageTest" name="verifynewspageTest" time="52.404"/>
  <system-out>
    <![CDATA[Click to see Screenshot
<a target="_blank" href=Wed_Jun_15_09_30_42_IST_2022.png>Screenshot</a>
<br>
<br>
<a target="_blank" href=Wed_Jun_15_09_30_42_IST_2022.png><img src=Wed_Jun_15_09_30_42_IST_2022.png height=200 width=200></img></a>]]>
  </system-out>
  <testcase classname="com.ca.NewsPageTestcases.NewsPageTest" name="verifynews" time="10.606"/>
  <system-out>
    <![CDATA[Click to see Screenshot
<a target="_blank" href=Wed_Jun_15_09_30_53_IST_2022.png>Screenshot</a>
<br>
<br>
<a target="_blank" href=Wed_Jun_15_09_30_53_IST_2022.png><img src=Wed_Jun_15_09_30_53_IST_2022.png height=200 width=200></img></a>]]>
  </system-out>
  <testcase classname="com.ca.NewsPageTestcases.NewsPageTest" name="verifyfbt" time="60.929"/>
  <system-out>
    <![CDATA[Click to see Screenshot
<a target="_blank" href=Wed_Jun_15_09_31_55_IST_2022.png>Screenshot</a>
<br>
<br>
<a target="_blank" href=Wed_Jun_15_09_31_55_IST_2022.png><img src=Wed_Jun_15_09_31_55_IST_2022.png height=200 width=200></img></a>]]>
  </system-out>
  <testcase classname="com.ca.NewsPageTestcases.NewsPageTest" name="verifyfbtf" time="66.023"/>
  <system-out>
    <![CDATA[Click to see Screenshot
<a target="_blank" href=Wed_Jun_15_09_33_01_IST_2022.png>Screenshot</a>
<br>
<br>
<a target="_blank" href=Wed_Jun_15_09_33_01_IST_2022.png><img src=Wed_Jun_15_09_33_01_IST_2022.png height=200 width=200></img></a>]]>
  </system-out>
  <testcase classname="com.ca.NewsPageTestcases.NewsPageTest" name="verifyfBS" time="40.793"/>
  <system-out>
    <![CDATA[Click to see Screenshot
<a target="_blank" href=Wed_Jun_15_09_33_42_IST_2022.png>Screenshot</a>
<br>
<br>
<a target="_blank" href=Wed_Jun_15_09_33_42_IST_2022.png><img src=Wed_Jun_15_09_33_42_IST_2022.png height=200 width=200></img></a>]]>
  </system-out>
</testsuite> <!-- com.ca.NewsPageTestcases.NewsPageTest -->
