<?xml version="1.0" encoding="UTF-8"?>
<!-- Generated by org.testng.reporters.JUnitReportReporter -->
<testsuite hostname="LP-5CD8184DJ1" failures="0" tests="9" name="com.ca.CommunityCricketPageTestcases.Covid19GuidelinesAndResourcesPageTest" time="157.119" errors="0" timestamp="2022-05-02T14:01:03 IST" skipped="0">
  <testcase classname="com.ca.CommunityCricketPageTestcases.Covid19GuidelinesAndResourcesPageTest" name="Verifycovid19GuidelinesAndResourceslinkPage" time="21.029"/>
  <system-out>
    <![CDATA[Click to see Screenshot
<a target="_blank" href=Mon_May_02_13_37_59_IST_2022.png>Screenshot</a>
<br>
<br>
<a target="_blank" href=Mon_May_02_13_37_59_IST_2022.png><img src=Mon_May_02_13_37_59_IST_2022.png height=200 width=200></img></a>]]>
  </system-out>
  <testcase classname="com.ca.CommunityCricketPageTestcases.Covid19GuidelinesAndResourcesPageTest" name="VerifycoronaviruslinkPageTest" time="24.317"/>
  <system-out>
    <![CDATA[Click to see Screenshot
<a target="_blank" href=Mon_May_02_13_38_24_IST_2022.png>Screenshot</a>
<br>
<br>
<a target="_blank" href=Mon_May_02_13_38_24_IST_2022.png><img src=Mon_May_02_13_38_24_IST_2022.png height=200 width=200></img></a>]]>
  </system-out>
  <testcase classname="com.ca.CommunityCricketPageTestcases.Covid19GuidelinesAndResourcesPageTest" name="VerifyregisterlinkPageTest" time="20.514"/>
  <system-out>
    <![CDATA[Click to see Screenshot
<a target="_blank" href=Mon_May_02_13_38_45_IST_2022.png>Screenshot</a>
<br>
<br>
<a target="_blank" href=Mon_May_02_13_38_45_IST_2022.png><img src=Mon_May_02_13_38_45_IST_2022.png height=200 width=200></img></a>]]>
  </system-out>
  <testcase classname="com.ca.CommunityCricketPageTestcases.Covid19GuidelinesAndResourcesPageTest" name="Verifyguidelineslink1PageTest" time="17.413"/>
  <system-out>
    <![CDATA[Click to see Screenshot
<a target="_blank" href=Mon_May_02_13_39_03_IST_2022.png>Screenshot</a>
<br>
<br>
<a target="_blank" href=Mon_May_02_13_39_03_IST_2022.png><img src=Mon_May_02_13_39_03_IST_2022.png height=200 width=200></img></a>]]>
  </system-out>
  <testcase classname="com.ca.CommunityCricketPageTestcases.Covid19GuidelinesAndResourcesPageTest" name="Verifyguidelineslink2PageTest" time="13.854"/>
  <system-out>
    <![CDATA[Click to see Screenshot
<a target="_blank" href=Mon_May_02_13_39_17_IST_2022.png>Screenshot</a>
<br>
<br>
<a target="_blank" href=Mon_May_02_13_39_17_IST_2022.png><img src=Mon_May_02_13_39_17_IST_2022.png height=200 width=200></img></a>]]>
  </system-out>
  <testcase classname="com.ca.CommunityCricketPageTestcases.Covid19GuidelinesAndResourcesPageTest" name="Verifyguidelineslink3PageTest" time="11.009"/>
  <system-out>
    <![CDATA[Click to see Screenshot
<a target="_blank" href=Mon_May_02_13_39_28_IST_2022.png>Screenshot</a>
<br>
<br>
<a target="_blank" href=Mon_May_02_13_39_28_IST_2022.png><img src=Mon_May_02_13_39_28_IST_2022.png height=200 width=200></img></a>]]>
  </system-out>
  <testcase classname="com.ca.CommunityCricketPageTestcases.Covid19GuidelinesAndResourcesPageTest" name="Verifyguidelineslink4PageTest" time="12.274"/>
  <system-out>
    <![CDATA[Click to see Screenshot
<a target="_blank" href=Mon_May_02_13_39_41_IST_2022.png>Screenshot</a>
<br>
<br>
<a target="_blank" href=Mon_May_02_13_39_41_IST_2022.png><img src=Mon_May_02_13_39_41_IST_2022.png height=200 width=200></img></a>]]>
  </system-out>
  <testcase classname="com.ca.CommunityCricketPageTestcases.Covid19GuidelinesAndResourcesPageTest" name="Verifyguidelineslink5PageTest" time="25.217"/>
  <system-out>
    <![CDATA[Click to see Screenshot
<a target="_blank" href=Mon_May_02_13_40_06_IST_2022.png>Screenshot</a>
<br>
<br>
<a target="_blank" href=Mon_May_02_13_40_06_IST_2022.png><img src=Mon_May_02_13_40_06_IST_2022.png height=200 width=200></img></a>]]>
  </system-out>
  <testcase classname="com.ca.CommunityCricketPageTestcases.Covid19GuidelinesAndResourcesPageTest" name="Verifyguidelineslink6PageTest" time="11.492"/>
  <system-out>
    <![CDATA[Click to see Screenshot
<a target="_blank" href=Mon_May_02_13_40_18_IST_2022.png>Screenshot</a>
<br>
<br>
<a target="_blank" href=Mon_May_02_13_40_18_IST_2022.png><img src=Mon_May_02_13_40_18_IST_2022.png height=200 width=200></img></a>]]>
  </system-out>
</testsuite> <!-- com.ca.CommunityCricketPageTestcases.Covid19GuidelinesAndResourcesPageTest -->
